TN:
SF:src\router.ts
FN:20,(anonymous_0)
FN:30,(anonymous_1)
FNF:2
FNH:2
FNDA:3,(anonymous_0)
FNDA:5,(anonymous_1)
DA:2,2
DA:3,2
DA:4,2
DA:5,2
DA:6,2
DA:8,2
DA:11,2
DA:16,2
DA:20,3
DA:25,2
DA:30,5
DA:36,2
DA:41,2
DA:47,2
LF:14
LH:14
BRF:0
BRH:0
end_of_record
TN:
SF:src\server.ts
FN:6,connectDB
FN:26,(anonymous_2)
FNF:2
FNH:2
FNDA:2,connectDB
FNDA:1,(anonymous_2)
DA:1,2
DA:2,2
DA:3,2
DA:9,2
DA:11,1
DA:17,2
DA:19,2
DA:21,2
DA:24,2
DA:26,2
DA:27,1
DA:29,2
LF:12
LH:12
BRF:0
BRH:0
end_of_record
TN:
SF:src\Middlewares\index.ts
FN:4,(anonymous_0)
FNF:1
FNH:1
FNDA:17,(anonymous_0)
DA:2,2
DA:4,2
DA:5,17
DA:6,17
DA:7,8
DA:9,9
LF:6
LH:6
BRDA:6,0,0,8
BRDA:6,0,1,9
BRF:2
BRH:2
end_of_record
TN:
SF:src\config\db.ts
FNF:0
FNH:0
DA:1,2
DA:2,2
DA:4,2
DA:6,2
DA:12,2
LF:5
LH:5
BRF:0
BRH:0
end_of_record
TN:
SF:src\handlers\product.ts
FN:4,(anonymous_1)
FN:11,(anonymous_2)
FN:22,(anonymous_3)
FN:34,(anonymous_4)
FN:50,(anonymous_5)
FN:63,(anonymous_6)
FNF:6
FNH:6
FNDA:2,(anonymous_1)
FNDA:2,(anonymous_2)
FNDA:1,(anonymous_3)
FNDA:2,(anonymous_4)
FNDA:2,(anonymous_5)
FNDA:2,(anonymous_6)
DA:2,2
DA:4,2
DA:6,2
DA:7,2
DA:11,2
DA:13,2
DA:15,2
DA:16,2
DA:17,1
DA:19,1
DA:22,2
DA:29,1
DA:31,1
DA:34,2
DA:36,2
DA:38,2
DA:39,2
DA:40,1
DA:44,1
DA:46,1
DA:47,1
DA:50,2
DA:51,2
DA:52,2
DA:53,2
DA:54,1
DA:58,1
DA:59,1
DA:60,1
DA:63,2
DA:64,2
DA:65,2
DA:66,2
DA:67,1
DA:70,1
DA:71,1
LF:36
LH:36
BRDA:16,0,0,1
BRDA:16,0,1,1
BRDA:39,1,0,1
BRDA:39,1,1,1
BRDA:53,2,0,1
BRDA:53,2,1,1
BRDA:66,3,0,1
BRDA:66,3,1,1
BRF:8
BRH:8
end_of_record
TN:
SF:src\models\Product.model.ts
FNF:0
FNH:0
DA:2,2
DA:10,2
DA:16,2
DA:21,2
DA:27,2
DA:30,2
LF:6
LH:6
BRF:0
BRH:0
end_of_record
